# JRE version: OpenJDK Runtime Environment (8.0_76-b03) (build 1.8.0_76-release-b03)
# Java VM: OpenJDK 64-Bit Server VM (25.76-b03 mixed mode windows-amd64 compressed oops)
Heap:
 PSYoungGen      total 431616K, used 381493K [0x00000000e0000000, 0x00000000ffd00000, 0x0000000100000000)
  eden space 342528K, 99% used [0x00000000e0000000,0x00000000f4d94e78,0x00000000f4e80000)
  from space 89088K, 44% used [0x00000000f4e80000,0x00000000f7578880,0x00000000fa580000)
  to   space 86016K, 8% used [0x00000000fa900000,0x00000000fb013730,0x00000000ffd00000)
 ParOldGen       total 356864K, used 247142K [0x00000000a0000000, 0x00000000b5c80000, 0x00000000e0000000)
  object space 356864K, 69% used [0x00000000a0000000,0x00000000af159af8,0x00000000b5c80000)
 Metaspace       used 74367K, capacity 77742K, committed 77872K, reserved 1116160K
  class space    used 9514K, capacity 10248K, committed 10288K, reserved 1048576K
GC Heap History (10 events):
Event: 525.323 GC heap after
Heap after GC invocations=59 (full 7):
 PSYoungGen      total 425984K, used 59250K [0x00000000e0000000, 0x0000000100000000, 0x0000000100000000)
  eden space 339968K, 0% used [0x00000000e0000000,0x00000000e0000000,0x00000000f4c00000)
  from space 86016K, 68% used [0x00000000fac00000,0x00000000fe5dca48,0x0000000100000000)
  to   space 92160K, 0% used [0x00000000f4c00000,0x00000000f4c00000,0x00000000fa600000)
 ParOldGen       total 309760K, used 275008K [0x00000000a0000000, 0x00000000b2e80000, 0x00000000e0000000)
  object space 309760K, 88% used [0x00000000a0000000,0x00000000b0c90098,0x00000000b2e80000)
 Metaspace       used 74330K, capacity 77742K, committed 77872K, reserved 1116160K
  class space    used 9514K, capacity 10248K, committed 10288K, reserved 1048576K
}
Event: 525.323 GC heap before
{Heap before GC invocations=60 (full 8):
 PSYoungGen      total 425984K, used 59250K [0x00000000e0000000, 0x0000000100000000, 0x0000000100000000)
  eden space 339968K, 0% used [0x00000000e0000000,0x00000000e0000000,0x00000000f4c00000)
  from space 86016K, 68% used [0x00000000fac00000,0x00000000fe5dca48,0x0000000100000000)
  to   space 92160K, 0% used [0x00000000f4c00000,0x00000000f4c00000,0x00000000fa600000)
 ParOldGen       total 309760K, used 275008K [0x00000000a0000000, 0x00000000b2e80000, 0x00000000e0000000)
  object space 309760K, 88% used [0x00000000a0000000,0x00000000b0c90098,0x00000000b2e80000)
 Metaspace       used 74330K, capacity 77742K, committed 77872K, reserved 1116160K
  class space    used 9514K, capacity 10248K, committed 10288K, reserved 1048576K
Event: 525.790 GC heap after
Heap after GC invocations=60 (full 8):
 PSYoungGen      total 425984K, used 0K [0x00000000e0000000, 0x0000000100000000, 0x0000000100000000)
  eden space 339968K, 0% used [0x00000000e0000000,0x00000000e0000000,0x00000000f4c00000)
  from space 86016K, 0% used [0x00000000fac00000,0x00000000fac00000,0x0000000100000000)
  to   space 92160K, 0% used [0x00000000f4c00000,0x00000000f4c00000,0x00000000fa600000)
 ParOldGen       total 356864K, used 176791K [0x00000000a0000000, 0x00000000b5c80000, 0x00000000e0000000)
  object space 356864K, 49% used [0x00000000a0000000,0x00000000aaca5ec0,0x00000000b5c80000)
 Metaspace       used 74330K, capacity 77742K, committed 77872K, reserved 1116160K
  class space    used 9514K, capacity 10248K, committed 10288K, reserved 1048576K
}
Event: 526.158 GC heap before
{Heap before GC invocations=61 (full 8):
 PSYoungGen      total 425984K, used 339968K [0x00000000e0000000, 0x0000000100000000, 0x0000000100000000)
  eden space 339968K, 100% used [0x00000000e0000000,0x00000000f4c00000,0x00000000f4c00000)
  from space 86016K, 0% used [0x00000000fac00000,0x00000000fac00000,0x0000000100000000)
  to   space 92160K, 0% used [0x00000000f4c00000,0x00000000f4c00000,0x00000000fa600000)
 ParOldGen       total 356864K, used 176791K [0x00000000a0000000, 0x00000000b5c80000, 0x00000000e0000000)
  object space 356864K, 49% used [0x00000000a0000000,0x00000000aaca5ec0,0x00000000b5c80000)
 Metaspace       used 74333K, capacity 77742K, committed 77872K, reserved 1116160K
  class space    used 9514K, capacity 10248K, committed 10288K, reserved 1048576K
Event: 526.193 GC heap after
Heap after GC invocations=61 (full 8):
 PSYoungGen      total 432128K, used 40467K [0x00000000e0000000, 0x0000000100000000, 0x0000000100000000)
  eden space 339968K, 0% used [0x00000000e0000000,0x00000000e0000000,0x00000000f4c00000)
  from space 92160K, 43% used [0x00000000f4c00000,0x00000000f7384f78,0x00000000fa600000)
  to   space 89600K, 0% used [0x00000000fa880000,0x00000000fa880000,0x0000000100000000)
 ParOldGen       total 356864K, used 176791K [0x00000000a0000000, 0x00000000b5c80000, 0x00000000e0000000)
  object space 356864K, 49% used [0x00000000a0000000,0x00000000aaca5ec0,0x00000000b5c80000)
 Metaspace       used 74333K, capacity 77742K, committed 77872K, reserved 1116160K
  class space    used 9514K, capacity 10248K, committed 10288K, reserved 1048576K
}
Event: 526.510 GC heap before
{Heap before GC invocations=62 (full 8):
 PSYoungGen      total 432128K, used 380435K [0x00000000e0000000, 0x0000000100000000, 0x0000000100000000)
  eden space 339968K, 100% used [0x00000000e0000000,0x00000000f4c00000,0x00000000f4c00000)
  from space 92160K, 43% used [0x00000000f4c00000,0x00000000f7384f78,0x00000000fa600000)
  to   space 89600K, 0% used [0x00000000fa880000,0x00000000fa880000,0x0000000100000000)
 ParOldGen       total 356864K, used 176791K [0x00000000a0000000, 0x00000000b5c80000, 0x00000000e0000000)
  object space 356864K, 49% used [0x00000000a0000000,0x00000000aaca5ec0,0x00000000b5c80000)
 Metaspace       used 74334K, capacity 77742K, committed 77872K, reserved 1116160K
  class space    used 9514K, capacity 10248K, committed 10288K, reserved 1048576K
Event: 526.583 GC heap after
Heap after GC invocations=62 (full 8):
 PSYoungGen      total 428544K, used 46352K [0x00000000e0000000, 0x00000000ffc80000, 0x0000000100000000)
  eden space 342528K, 0% used [0x00000000e0000000,0x00000000e0000000,0x00000000f4e80000)
  from space 86016K, 53% used [0x00000000fa880000,0x00000000fd5c42b8,0x00000000ffc80000)
  to   space 89088K, 0% used [0x00000000f4e80000,0x00000000f4e80000,0x00000000fa580000)
 ParOldGen       total 356864K, used 202435K [0x00000000a0000000, 0x00000000b5c80000, 0x00000000e0000000)
  object space 356864K, 56% used [0x00000000a0000000,0x00000000ac5b0de8,0x00000000b5c80000)
 Metaspace       used 74334K, capacity 77742K, committed 77872K, reserved 1116160K
  class space    used 9514K, capacity 10248K, committed 10288K, reserved 1048576K
}
Event: 526.984 GC heap before
{Heap before GC invocations=63 (full 8):
 PSYoungGen      total 428544K, used 388880K [0x00000000e0000000, 0x00000000ffc80000, 0x0000000100000000)
  eden space 342528K, 100% used [0x00000000e0000000,0x00000000f4e80000,0x00000000f4e80000)
  from space 86016K, 53% used [0x00000000fa880000,0x00000000fd5c42b8,0x00000000ffc80000)
  to   space 89088K, 0% used [0x00000000f4e80000,0x00000000f4e80000,0x00000000fa580000)
 ParOldGen       total 356864K, used 202435K [0x00000000a0000000, 0x00000000b5c80000, 0x00000000e0000000)
  object space 356864K, 56% used [0x00000000a0000000,0x00000000ac5b0de8,0x00000000b5c80000)
 Metaspace       used 74337K, capacity 77742K, committed 77872K, reserved 1116160K
  class space    used 9514K, capacity 10248K, committed 10288K, reserved 1048576K
Event: 527.041 GC heap after
Heap after GC invocations=63 (full 8):
 PSYoungGen      total 431616K, used 39906K [0x00000000e0000000, 0x00000000ffd00000, 0x0000000100000000)
  eden space 342528K, 0% used [0x00000000e0000000,0x00000000e0000000,0x00000000f4e80000)
  from space 89088K, 44% used [0x00000000f4e80000,0x00000000f7578880,0x00000000fa580000)
  to   space 86016K, 0% used [0x00000000fa900000,0x00000000fa900000,0x00000000ffd00000)
 ParOldGen       total 356864K, used 234562K [0x00000000a0000000, 0x00000000b5c80000, 0x00000000e0000000)
  object space 356864K, 65% used [0x00000000a0000000,0x00000000ae5109c0,0x00000000b5c80000)
 Metaspace       used 74337K, capacity 77742K, committed 77872K, reserved 1116160K
  class space    used 9514K, capacity 10248K, committed 10288K, reserved 1048576K
}
Event: 528.030 GC heap before
{Heap before GC invocations=64 (full 8):
 PSYoungGen      total 431616K, used 381493K [0x00000000e0000000, 0x00000000ffd00000, 0x0000000100000000)
  eden space 342528K, 99% used [0x00000000e0000000,0x00000000f4d94e78,0x00000000f4e80000)
  from space 89088K, 44% used [0x00000000f4e80000,0x00000000f7578880,0x00000000fa580000)
  to   space 86016K, 0% used [0x00000000fa900000,0x00000000fa900000,0x00000000ffd00000)
 ParOldGen       total 356864K, used 234562K [0x00000000a0000000, 0x00000000b5c80000, 0x00000000e0000000)
  object space 356864K, 65% used [0x00000000a0000000,0x00000000ae5109c0,0x00000000b5c80000)
 Metaspace       used 74367K, capacity 77742K, committed 77872K, reserved 1116160K
  class space    used 9514K, capacity 10248K, committed 10288K, reserved 1048576K

